#
# There is insufficient memory for the Java Runtime Environment to continue.
# Native memory allocation (mmap) failed to map 132120576 bytes for G1 virtual space
# Possible reasons:
#   The system is out of physical RAM or swap space
#   The process is running with CompressedOops enabled, and the Java Heap may be blocking the growth of the native heap
# Possible solutions:
#   Reduce memory load on the system
#   Increase physical memory or swap space
#   Check if swap backing store is full
#   Decrease Java heap size (-Xmx/-Xms)
#   Decrease number of Java threads
#   Decrease Java thread stack sizes (-Xss)
#   Set larger code cache with -XX:ReservedCodeCacheSize=
#   JVM is running with Unscaled Compressed Oops mode in which the Java heap is
#     placed in the first 4GB address space. The Java Heap base address is the
#     maximum limit for the native heap growth. Please use -XX:HeapBaseMinAddress
#     to set the Java Heap base and to place the Java Heap above 4GB virtual address.
# This output file may be truncated or incomplete.
#
#  Out of Memory Error (os_windows.cpp:3532), pid=34436, tid=34512
#
# JRE version:  (17.0.2+8) (build )
# Java VM: Java HotSpot(TM) 64-Bit Server VM (17.0.2+8-LTS-86, mixed mode, sharing, tiered, compressed oops, compressed class ptrs, g1 gc, windows-amd64)
# No core dump will be written. Minidumps are not enabled by default on client versions of Windows
#

---------------  S U M M A R Y ------------

Command Line: --add-modules=javafx.controls --module-path=C:\Users\przem\.gradle\caches\modules-2\files-2.1\org.openjfx\javafx-controls\17.0.2\707f290bacde2738c0a7e1d0b4a8193002c29cf7\javafx-controls-17.0.2-win.jar;C:\Users\przem\.gradle\caches\modules-2\files-2.1\org.openjfx\javafx-graphics\17.0.2\6f95886c8fed3e1b21370a199c3937846ef6b3cc\javafx-graphics-17.0.2-win.jar;C:\Users\przem\.gradle\caches\modules-2\files-2.1\org.openjfx\javafx-base\17.0.2\1bd6dc88b180a6239a5067320c2f0d7f3526e1d2\javafx-base-17.0.2-win.jar -Dfile.encoding=windows-1250 -Duser.country=GB -Duser.language=en -Duser.variant com.kodilla.splendor.Splendor

Host: Intel(R) Core(TM) i7-8550U CPU @ 1.80GHz, 8 cores, 7G,  Windows 11 , 64 bit Build 22000 (10.0.22000.434)
Time: Mon Feb  7 00:38:40 2022 Central European Standard Time elapsed time: 0.027612 seconds (0d 0h 0m 0s)

---------------  T H R E A D  ---------------

Current thread (0x00000292e7cb0e50):  JavaThread "Unknown thread" [_thread_in_vm, id=34512, stack(0x000000b7f9400000,0x000000b7f9500000)]

Stack: [0x000000b7f9400000,0x000000b7f9500000]
Native frames: (J=compiled Java code, j=interpreted, Vv=VM code, C=native code)
V  [jvm.dll+0x670baa]
V  [jvm.dll+0x7cfcb4]
V  [jvm.dll+0x7d145e]
V  [jvm.dll+0x7d1ac3]
V  [jvm.dll+0x242bc5]
V  [jvm.dll+0x66dac9]
V  [jvm.dll+0x662412]
V  [jvm.dll+0x300c0b]
V  [jvm.dll+0x3081a6]
V  [jvm.dll+0x357d0e]
V  [jvm.dll+0x357f3f]
V  [jvm.dll+0x2d7ec8]
V  [jvm.dll+0x2d8e34]
V  [jvm.dll+0x7a18c1]
V  [jvm.dll+0x365a91]
V  [jvm.dll+0x780d2c]
V  [jvm.dll+0x3e845f]
V  [jvm.dll+0x3e9f01]
C  [jli.dll+0x527b]
C  [ucrtbase.dll+0x26c0c]
C  [KERNEL32.DLL+0x154e0]
C  [ntdll.dll+0x485b]


---------------  P R O C E S S  ---------------

Threads class SMR info:
_java_thread_list=0x00007ffe76da9858, length=0, elements={
}

Java Threads: ( => current thread )

Other Threads:
  0x00000292e7cf7bb0 GCTaskThread "GC Thread#0" [stack: 0x000000b7f9500000,0x000000b7f9600000] [id=34516]
  0x00000292e7d08430 ConcurrentGCThread "G1 Main Marker" [stack: 0x000000b7f9600000,0x000000b7f9700000] [id=34520]
  0x00000292e7d094e0 ConcurrentGCThread "G1 Conc#0" [stack: 0x000000b7f9700000,0x000000b7f9800000] [id=33128]

[error occurred during error reporting (printing all threads), id 0xc0000005, EXCEPTION_ACCESS_VIOLATION (0xc0000005) at pc=0x00007ffe765f88a7]

VM state: not at safepoint (not fully initialized)

VM Mutex/Monitor currently owned by a thread:  ([mutex/lock_event])
[0x00000292e7cabea0] Heap_lock - owner thread: 0x00000292e7cb0e50

Heap address: 0x0000000082e00000, size: 2002 MB, Compressed Oops mode: 32-bit

CDS archive(s) mapped at: [0x0000000000000000-0x0000000000000000-0x0000000000000000), size 0, SharedBaseAddress: 0x0000000800000000, ArchiveRelocationMode: 0.
Narrow klass base: 0x0000000000000000, Narrow klass shift: 0, Narrow klass range: 0x0

GC Precious Log:
<Empty>

Heap:
 garbage-first heap   total 0K, used 0K [0x0000000082e00000, 0x0000000100000000)
  region size 1024K, 0 young (0K), 0 survivors (0K)

[error occurred during error reporting (printing heap information), id 0xc0000005, EXCEPTION_ACCESS_VIOLATION (0xc0000005) at pc=0x00007ffe769d9f19]

GC Heap History (0 events):
No events

Deoptimization events (0 events):
No events

Classes unloaded (0 events):
No events

Classes redefined (0 events):
No events

Internal exceptions (0 events):
No events

VM Operations (0 events):
No events

Events (1 events):
Event: 0.008 Loaded shared library C:\Program Files\Java\jdk-17.0.2\bin\java.dll


Dynamic libraries:
0x00007ff67f0c0000 - 0x00007ff67f0d0000 	C:\Program Files\Java\jdk-17.0.2\bin\java.exe
0x00007ffeecc00000 - 0x00007ffeece09000 	C:\WINDOWS\SYSTEM32\ntdll.dll
0x00007ffeebee0000 - 0x00007ffeebf9d000 	C:\WINDOWS\System32\KERNEL32.DLL
0x00007ffeea4b0000 - 0x00007ffeea824000 	C:\WINDOWS\System32\KERNELBASE.dll
0x00007ffeea0c0000 - 0x00007ffeea1d1000 	C:\WINDOWS\System32\ucrtbase.dll
0x00007ffed5da0000 - 0x00007ffed5db8000 	C:\Program Files\Java\jdk-17.0.2\bin\jli.dll
0x00007ffed5d80000 - 0x00007ffed5d9a000 	C:\Program Files\Java\jdk-17.0.2\bin\VCRUNTIME140.dll
0x00007ffeeba20000 - 0x00007ffeebace000 	C:\WINDOWS\System32\ADVAPI32.dll
0x00007ffeec6e0000 - 0x00007ffeec783000 	C:\WINDOWS\System32\msvcrt.dll
0x00007ffeec4e0000 - 0x00007ffeec57e000 	C:\WINDOWS\System32\sechost.dll
0x00007ffeec5c0000 - 0x00007ffeec6e0000 	C:\WINDOWS\System32\RPCRT4.dll
0x00007ffeec790000 - 0x00007ffeec93c000 	C:\WINDOWS\System32\USER32.dll
0x00007ffed3210000 - 0x00007ffed34b5000 	C:\WINDOWS\WinSxS\amd64_microsoft.windows.common-controls_6595b64144ccf1df_6.0.22000.120_none_9d947278b86cc467\COMCTL32.dll
0x00007ffeea250000 - 0x00007ffeea276000 	C:\WINDOWS\System32\win32u.dll
0x00007ffeecae0000 - 0x00007ffeecb09000 	C:\WINDOWS\System32\GDI32.dll
0x00007ffeea8d0000 - 0x00007ffeea9e2000 	C:\WINDOWS\System32\gdi32full.dll
0x00007ffeea830000 - 0x00007ffeea8cd000 	C:\WINDOWS\System32\msvcp_win.dll
0x00007ffedc6e0000 - 0x00007ffedc6ea000 	C:\WINDOWS\SYSTEM32\VERSION.dll
0x00007ffeec580000 - 0x00007ffeec5b1000 	C:\WINDOWS\System32\IMM32.DLL
0x00007ffedecf0000 - 0x00007ffedecfc000 	C:\Program Files\Java\jdk-17.0.2\bin\vcruntime140_1.dll
0x00007ffea3e50000 - 0x00007ffea3edd000 	C:\Program Files\Java\jdk-17.0.2\bin\msvcp140.dll
0x00007ffe76310000 - 0x00007ffe76ed1000 	C:\Program Files\Java\jdk-17.0.2\bin\server\jvm.dll
0x00007ffeecb10000 - 0x00007ffeecb18000 	C:\WINDOWS\System32\PSAPI.DLL
0x00007ffedf600000 - 0x00007ffedf633000 	C:\WINDOWS\SYSTEM32\WINMM.dll
0x00007ffee4050000 - 0x00007ffee4059000 	C:\WINDOWS\SYSTEM32\WSOCK32.dll
0x00007ffeebb50000 - 0x00007ffeebbbf000 	C:\WINDOWS\System32\WS2_32.dll
0x00007ffee92b0000 - 0x00007ffee92c8000 	C:\WINDOWS\SYSTEM32\kernel.appcore.dll
0x00007ffedcb20000 - 0x00007ffedcb2a000 	C:\Program Files\Java\jdk-17.0.2\bin\jimage.dll
0x00007ffee43e0000 - 0x00007ffee4601000 	C:\WINDOWS\SYSTEM32\DBGHELP.DLL
0x00007ffed13a0000 - 0x00007ffed13d1000 	C:\WINDOWS\SYSTEM32\dbgcore.DLL
0x00007ffeea9f0000 - 0x00007ffeeaa6f000 	C:\WINDOWS\System32\bcryptPrimitives.dll
0x00007ffeca7d0000 - 0x00007ffeca7f5000 	C:\Program Files\Java\jdk-17.0.2\bin\java.dll

dbghelp: loaded successfully - version: 4.0.5 - missing functions: none
symbol engine: initialized successfully - sym options: 0x614 - pdb path: .;C:\Program Files\Java\jdk-17.0.2\bin;C:\WINDOWS\SYSTEM32;C:\WINDOWS\WinSxS\amd64_microsoft.windows.common-controls_6595b64144ccf1df_6.0.22000.120_none_9d947278b86cc467;C:\Program Files\Java\jdk-17.0.2\bin\server

VM Arguments:
jvm_args: --add-modules=javafx.controls --module-path=C:\Users\przem\.gradle\caches\modules-2\files-2.1\org.openjfx\javafx-controls\17.0.2\707f290bacde2738c0a7e1d0b4a8193002c29cf7\javafx-controls-17.0.2-win.jar;C:\Users\przem\.gradle\caches\modules-2\files-2.1\org.openjfx\javafx-graphics\17.0.2\6f95886c8fed3e1b21370a199c3937846ef6b3cc\javafx-graphics-17.0.2-win.jar;C:\Users\przem\.gradle\caches\modules-2\files-2.1\org.openjfx\javafx-base\17.0.2\1bd6dc88b180a6239a5067320c2f0d7f3526e1d2\javafx-base-17.0.2-win.jar -Dfile.encoding=windows-1250 -Duser.country=GB -Duser.language=en -Duser.variant 
java_command: com.kodilla.splendor.Splendor
java_class_path (initial): C:\Users\przem\IdeaProjects\splendor-theBoardGame\build\classes\java\main;C:\Users\przem\IdeaProjects\splendor-theBoardGame\build\resources\main
Launcher Type: SUN_STANDARD

[Global flags]
     intx CICompilerCount                          = 4                                         {product} {ergonomic}
     uint ConcGCThreads                            = 2                                         {product} {ergonomic}
     uint G1ConcRefinementThreads                  = 8                                         {product} {ergonomic}
   size_t G1HeapRegionSize                         = 1048576                                   {product} {ergonomic}
    uintx GCDrainStackTargetSize                   = 64                                        {product} {ergonomic}
   size_t InitialHeapSize                          = 132120576                                 {product} {ergonomic}
   size_t MarkStackSize                            = 4194304                                   {product} {ergonomic}
   size_t MaxHeapSize                              = 2099249152                                {product} {ergonomic}
   size_t MinHeapDeltaBytes                        = 1048576                                   {product} {ergonomic}
   size_t MinHeapSize                              = 8388608                                   {product} {ergonomic}
    uintx NonNMethodCodeHeapSize                   = 5839372                                {pd product} {ergonomic}
    uintx NonProfiledCodeHeapSize                  = 122909434                              {pd product} {ergonomic}
    uintx ProfiledCodeHeapSize                     = 122909434                              {pd product} {ergonomic}
    uintx ReservedCodeCacheSize                    = 251658240                              {pd product} {ergonomic}
     bool SegmentedCodeCache                       = true                                      {product} {ergonomic}
   size_t SoftMaxHeapSize                          = 2099249152                             {manageable} {ergonomic}
     bool UseCompressedClassPointers               = true                           {product lp64_product} {ergonomic}
     bool UseCompressedOops                        = true                           {product lp64_product} {ergonomic}
     bool UseG1GC                                  = true                                      {product} {ergonomic}
     bool UseLargePagesIndividualAllocation        = false                                  {pd product} {ergonomic}

Logging:
Log output configuration:
 #0: stdout all=warning uptime,level,tags
 #1: stderr all=off uptime,level,tags

Environment Variables:
JAVA_HOME=C:\Program Files\Java\jdk-17.0.2
PATH=C:\Program Files (x86)\Intel\Intel(R) Management Engine Components\iCLS\;C:\Program Files\Intel\Intel(R) Management Engine Components\iCLS\;C:\WINDOWS\system32;C:\WINDOWS;C:\WINDOWS\System32\Wbem;C:\WINDOWS\System32\WindowsPowerShell\v1.0\;C:\WINDOWS\System32\OpenSSH\;C:\Program Files (x86)\Intel\Intel(R) Management Engine Components\DAL;C:\Program Files\Intel\Intel(R) Management Engine Components\DAL;C:\Program Files (x86)\Intel\Intel(R) Management Engine Components\IPT;C:\Program Files\Intel\Intel(R) Management Engine Components\IPT;C:\Program Files (x86)\NVIDIA Corporation\PhysX\Common;C:\WINDOWS\system32;C:\WINDOWS;C:\WINDOWS\System32\Wbem;C:\WINDOWS\System32\WindowsPowerShell\v1.0\;C:\WINDOWS\System32\OpenSSH\;C:\Program Files\Git\cmd;C:\Users\przem\AppData\Local\Microsoft\WindowsApps;C:\Program Files\JetBrains\IntelliJ IDEA Community Edition 2021.3.2\bin;;C:\Program Files\Java\jdk-17.0.2\bin;
USERNAME=przem
OS=Windows_NT
PROCESSOR_IDENTIFIER=Intel64 Family 6 Model 142 Stepping 10, GenuineIntel



---------------  S Y S T E M  ---------------

OS:
 Windows 11 , 64 bit Build 22000 (10.0.22000.434)
OS uptime: 3 days 3:59 hours

CPU: total 8 (initial active 8) (4 cores per cpu, 2 threads per core) family 6 model 142 stepping 10 microcode 0xe0, cx8, cmov, fxsr, ht, mmx, 3dnowpref, sse, sse2, sse3, ssse3, sse4.1, sse4.2, popcnt, lzcnt, tsc, tscinvbit, avx, avx2, aes, erms, clmul, bmi1, bmi2, adx, fma, vzeroupper, clflush, clflushopt

Memory: 4k page, system-wide physical 8007M (383M free)
TotalPageFile size 32583M (AvailPageFile size 29M)
current process WorkingSet (physical memory assigned to process): 10M, peak: 10M
current process commit charge ("private bytes"): 60M, peak: 186M

vm_info: Java HotSpot(TM) 64-Bit Server VM (17.0.2+8-LTS-86) for windows-amd64 JRE (17.0.2+8-LTS-86), built on Dec  7 2021 21:51:03 by "mach5one" with MS VC++ 16.8 / 16.9 (VS2019)

END.
